<?xml version="1.0" encoding="UTF-8"?>
<!-- Generated by org.testng.reporters.JUnitReportReporter -->
<testsuite hostname="sheelabalaji" failures="0" tests="2" name="testcases.Login" time="14.499" errors="0" timestamp="2024-05-21T21:44:33 IST" skipped="0">
  <testcase classname="testcases.Login" name="userloginwithvalidcredentials" time="3.887"/>
  <testcase classname="testcases.Login" name="userloginwithinvalidcredentials" time="10.612"/>
</testsuite> <!-- testcases.Login -->
