<?xml version="1.0" encoding="UTF-8"?>
<!-- Generated by org.testng.reporters.JUnitReportReporter -->
<testsuite hostname="LAPTOP-DQHTQP3P" failures="0" tests="1" name="com.tutorialsninja.qa.testcases.Register" time="13.838" errors="0" timestamp="2024-05-21T12:11:24 IST" skipped="0">
  <testcase classname="com.tutorialsninja.qa.testcases.Register" name="verifyRegisterAccountByProvindManditoryFields" time="13.838"/>
</testsuite> <!-- com.tutorialsninja.qa.testcases.Register -->
