<?xml version="1.0" encoding="UTF-8"?>
<!-- Generated by org.testng.reporters.JUnitReportReporter -->
<testsuite hostname="LAPTOP-DQHTQP3P" failures="0" tests="2" name="com.tutorialsninja.qa.testcases.Search" time="23.223" errors="0" timestamp="2024-05-21T12:22:59 IST" skipped="0">
  <testcase classname="com.tutorialsninja.qa.testcases.Search" name="VerifySearchAnExistingName" time="10.736"/>
  <testcase classname="com.tutorialsninja.qa.testcases.Search" name="VerifySearchAnNoProductName" time="12.487"/>
</testsuite> <!-- com.tutorialsninja.qa.testcases.Search -->
