<?xml version="1.0" encoding="UTF-8"?>
<!-- Generated by org.testng.reporters.JUnitReportReporter -->
<testsuite hostname="LAPTOP-DQHTQP3P" failures="0" tests="1" name="com.tutorialsninja.qa.testcases.Login" time="8.226" errors="0" timestamp="2024-05-21T14:38:02 IST" skipped="0">
  <testcase classname="com.tutorialsninja.qa.testcases.Login" name="verifyLoginWithValidCredentials" time="8.226"/>
</testsuite> <!-- com.tutorialsninja.qa.testcases.Login -->
