<?xml version="1.0" encoding="UTF-8"?>
<!-- Generated by org.testng.reporters.JUnitReportReporter -->
<testsuite hostname="LAPTOP-DQHTQP3P" failures="0" tests="1" name="TutorialsNinjaHybridFrameWorkRepo.TutorialsNinjaHybridFrameWorkRepo.fistClass" time="0.015" errors="0" timestamp="2024-05-20T17:38:58 IST" skipped="0">
  <testcase classname="TutorialsNinjaHybridFrameWorkRepo.TutorialsNinjaHybridFrameWorkRepo.fistClass" name="vinod" time="0.015"/>
</testsuite> <!-- TutorialsNinjaHybridFrameWorkRepo.TutorialsNinjaHybridFrameWorkRepo.fistClass -->
