<?xml version="1.0" encoding="UTF-8"?>
<!-- Generated by org.testng.reporters.JUnitReportReporter -->
<testsuite hostname="LAPTOP-DQHTQP3P" failures="0" tests="1" name="com.tutorialsninja.qa.testcases.Register" time="8.676" errors="0" timestamp="2024-05-24T12:32:09 IST" skipped="0">
  <testcase classname="com.tutorialsninja.qa.testcases.Register" name="VerifyRegisterAccountDifferentPassword" time="8.676"/>
</testsuite> <!-- com.tutorialsninja.qa.testcases.Register -->
